2025-02-17 16:51:33.735 [info] [main] Log level: Info
2025-02-17 16:51:33.735 [info] [main] Validating found git in: "git"
2025-02-17 16:51:33.735 [info] [main] Using git "2.43.0" from "git"
2025-02-17 16:51:33.735 [info] [Model][doInitialScan] Initial repository scan started
2025-02-17 16:51:33.735 [info] > git rev-parse --show-toplevel [9ms]
2025-02-17 16:51:33.735 [info] fatal: not a git repository (or any of the parent directories): .git
2025-02-17 16:51:33.735 [info] > git rev-parse --show-toplevel [3ms]
2025-02-17 16:51:33.735 [info] fatal: not a git repository (or any of the parent directories): .git
2025-02-17 16:51:33.737 [info] > git rev-parse --show-toplevel [3ms]
2025-02-17 16:51:33.737 [info] fatal: not a git repository (or any of the parent directories): .git
2025-02-17 16:51:33.750 [info] > git rev-parse --show-toplevel [2ms]
2025-02-17 16:51:33.750 [info] fatal: not a git repository (or any of the parent directories): .git
2025-02-17 16:51:33.759 [info] > git rev-parse --show-toplevel [4ms]
2025-02-17 16:51:33.759 [info] fatal: not a git repository (or any of the parent directories): .git
2025-02-17 16:51:33.766 [info] [Model][doInitialScan] Initial repository scan completed - repositories (0), closed repositories (0), parent repositories (0), unsafe repositories (0)
2025-02-17 16:51:35.146 [info] > git rev-parse --show-toplevel [2ms]
2025-02-17 16:51:35.146 [info] fatal: not a git repository (or any of the parent directories): .git
2025-02-17 16:51:40.042 [info] > git rev-parse --show-toplevel [2ms]
2025-02-17 16:51:40.042 [info] fatal: not a git repository (or any of the parent directories): .git
2025-02-17 16:52:01.113 [info] > git rev-parse --show-toplevel [3ms]
2025-02-17 16:52:01.113 [info] fatal: not a git repository (or any of the parent directories): .git
